2023-07-11 23:06:03,096 - Class Name - VerifyloginPage
2023-07-11 23:06:08,487 - *******Starting test - test_check_forgot_password********
2023-07-11 23:06:08,490 - {'url': 'https://opensource-demo.orangehrmlive.com/web/index.php/auth/login', 'reseturl': 'https://opensource-demo.orangehrmlive.com/web/index.php/auth/requestPasswordResetCode', 'username': 'Admin', 'expected': 'https://opensource-demo.orangehrmlive.com/web/index.php/auth/sendPasswordReset', 'expected2': 'Reset Password link sent successfully'}
2023-07-11 23:06:08,490 - url - https://opensource-demo.orangehrmlive.com/web/index.php/auth/login
2023-07-11 23:06:17,781 - Press - Forgot your password?
2023-07-11 23:06:22,084 - reseturl-https://opensource-demo.orangehrmlive.com/web/index.php/auth/requestPasswordResetCode
2023-07-11 23:06:22,090 - actualurl-https://opensource-demo.orangehrmlive.com/web/index.php/auth/requestPasswordResetCode
2023-07-11 23:06:22,123 - Enter username - Admin
2023-07-11 23:06:23,941 - Press Reset Password Button
2023-07-11 23:06:25,317 - expectedUrl after pressing ResetPassword - https://opensource-demo.orangehrmlive.com/web/index.php/auth/sendPasswordReset
2023-07-11 23:06:25,320 - actualUrl after pressing ResetPassword - https://opensource-demo.orangehrmlive.com/web/index.php/auth/sendPasswordReset
2023-07-11 23:06:26,149 - expectedString on sendPasswordReset is - Reset Password link sent successfully
2023-07-11 23:06:26,286 - actualString on sendPasswordReset is - Reset Password link sent successfully
2023-07-11 23:06:26,286 - ******* End test - test_check_forgot_password ********
2023-07-11 23:06:26,385 - Class Name - VerifyloginPage
2023-07-11 23:06:31,786 - *******Starting test - test_check_login********
2023-07-11 23:06:31,788 - {'url': 'https://opensource-demo.orangehrmlive.com/web/index.php/auth/login', 'username': 'Admin', 'password': 'admin123', 'expected': 'https://opensource-demo.orangehrmlive.com/web/index.php/dashboard/index'}
2023-07-11 23:06:31,788 - url - https://opensource-demo.orangehrmlive.com/web/index.php/auth/login
2023-07-11 23:06:41,231 - username - Admin
2023-07-11 23:06:41,359 - Class Name - VerifyloginPage
2023-07-11 23:06:46,685 - *******Starting test - test_check_login_failed********
2023-07-11 23:06:46,688 - {'url': 'https://opensource-demo.orangehrmlive.com/web/index.php/auth/login', 'username': 'Admin', 'password': 'admin1234', 'expected': 'https://opensource-demo.orangehrmlive.com/web/index.php/auth/login', 'expected2': 'Invalid credentials'}
2023-07-11 23:06:46,688 - url - https://opensource-demo.orangehrmlive.com/web/index.php/auth/login
2023-07-11 23:06:56,476 - username - Admin
2023-07-11 23:06:57,699 - password - admin1234
2023-07-11 23:07:04,702 - expectedUrl - https://opensource-demo.orangehrmlive.com/web/index.php/auth/login
2023-07-11 23:07:04,702 - actualUrl - https://opensource-demo.orangehrmlive.com/web/index.php/auth/login
2023-07-11 23:07:04,948 - expectedString - Invalid credentials
2023-07-11 23:07:04,948 - actualString - Invalid credentials
2023-07-11 23:07:04,948 - *******End test - test_check_login_failed********
