2023-07-11 23:23:12,150 - Class Name - VerifyloginPage
2023-07-11 23:23:18,271 - *******Starting test - test_check_forgot_password********
2023-07-11 23:23:18,273 - {'url': 'https://opensource-demo.orangehrmlive.com/web/index.php/auth/login', 'reseturl': 'https://opensource-demo.orangehrmlive.com/web/index.php/auth/requestPasswordResetCode', 'username': 'Admin', 'expected': 'https://opensource-demo.orangehrmlive.com/web/index.php/auth/sendPasswordReset', 'expected2': 'Reset Password link sent successfully'}
2023-07-11 23:23:18,274 - url - https://opensource-demo.orangehrmlive.com/web/index.php/auth/login
2023-07-11 23:23:27,863 - Press - Forgot your password?
2023-07-11 23:23:32,928 - reseturl-https://opensource-demo.orangehrmlive.com/web/index.php/auth/requestPasswordResetCode
2023-07-11 23:23:32,932 - actualurl-https://opensource-demo.orangehrmlive.com/web/index.php/auth/requestPasswordResetCode
2023-07-11 23:23:32,962 - Enter username - Admin
2023-07-11 23:23:34,489 - Press Reset Password Button
2023-07-11 23:23:35,843 - expectedUrl after pressing ResetPassword - https://opensource-demo.orangehrmlive.com/web/index.php/auth/sendPasswordReset
2023-07-11 23:23:35,846 - actualUrl after pressing ResetPassword - https://opensource-demo.orangehrmlive.com/web/index.php/auth/sendPasswordReset
2023-07-11 23:23:36,483 - expectedString on sendPasswordReset is - Reset Password link sent successfully
2023-07-11 23:23:36,615 - actualString on sendPasswordReset is - Reset Password link sent successfully
2023-07-11 23:23:36,615 - ******* End test - test_check_forgot_password ********
2023-07-11 23:23:36,745 - Class Name - VerifyloginPage
2023-07-11 23:23:42,176 - *******Starting test - test_check_login********
2023-07-11 23:23:42,179 - {'url': 'https://opensource-demo.orangehrmlive.com/web/index.php/auth/login', 'username': 'Admin', 'password': 'admin123', 'expected': 'https://opensource-demo.orangehrmlive.com/web/index.php/dashboard/index'}
2023-07-11 23:23:42,179 - url - https://opensource-demo.orangehrmlive.com/web/index.php/auth/login
2023-07-11 23:23:51,758 - username - Admin
2023-07-11 23:23:53,099 - password - admin123
2023-07-11 23:23:53,627 - Press Submit Button
2023-07-11 23:23:53,822 - Wait page to be load completely
2023-07-11 23:24:00,773 - expectedUrl - https://opensource-demo.orangehrmlive.com/web/index.php/dashboard/index
2023-07-11 23:24:00,773 - actualUrl - https://opensource-demo.orangehrmlive.com/web/index.php/dashboard/index
2023-07-11 23:24:00,773 - *******End test - test_check_login********
2023-07-11 23:24:00,938 - Class Name - VerifyloginPage
2023-07-11 23:24:06,476 - *******Starting test - test_check_login_failed********
2023-07-11 23:24:06,479 - {'url': 'https://opensource-demo.orangehrmlive.com/web/index.php/auth/login', 'username': 'Admin', 'password': 'admin1234', 'expected': 'https://opensource-demo.orangehrmlive.com/web/index.php/auth/login', 'expected2': 'Invalid credentials'}
2023-07-11 23:24:06,479 - url - https://opensource-demo.orangehrmlive.com/web/index.php/auth/login
2023-07-11 23:24:15,583 - username - Admin
2023-07-11 23:24:16,931 - password - admin1234
2023-07-11 23:24:23,968 - expectedUrl - https://opensource-demo.orangehrmlive.com/web/index.php/auth/login
2023-07-11 23:24:23,968 - actualUrl - https://opensource-demo.orangehrmlive.com/web/index.php/auth/login
2023-07-11 23:24:24,255 - expectedString - Invalid credentials
2023-07-11 23:24:24,255 - actualString - Invalid credentials
2023-07-11 23:24:24,255 - *******End test - test_check_login_failed********
