2023-07-11 23:26:33,087 - Class Name - VerifyloginPage
2023-07-11 23:26:39,124 - *******Starting test - test_check_forgot_password********
2023-07-11 23:26:39,126 - {'url': 'https://opensource-demo.orangehrmlive.com/web/index.php/auth/login', 'reseturl': 'https://opensource-demo.orangehrmlive.com/web/index.php/auth/requestPasswordResetCode', 'username': 'Admin', 'expected': 'https://opensource-demo.orangehrmlive.com/web/index.php/auth/sendPasswordReset', 'expected2': 'Reset Password link sent successfully'}
2023-07-11 23:26:39,127 - url - https://opensource-demo.orangehrmlive.com/web/index.php/auth/login
2023-07-11 23:26:48,852 - Press - Forgot your password?
2023-07-11 23:26:51,778 - reseturl-https://opensource-demo.orangehrmlive.com/web/index.php/auth/requestPasswordResetCode
2023-07-11 23:26:51,784 - actualurl-https://opensource-demo.orangehrmlive.com/web/index.php/auth/requestPasswordResetCode
2023-07-11 23:26:51,797 - Enter username - Admin
2023-07-11 23:26:54,503 - Press Reset Password Button
2023-07-11 23:26:55,941 - expectedUrl after pressing ResetPassword - https://opensource-demo.orangehrmlive.com/web/index.php/auth/sendPasswordReset
2023-07-11 23:26:55,944 - actualUrl after pressing ResetPassword - https://opensource-demo.orangehrmlive.com/web/index.php/auth/sendPasswordReset
2023-07-11 23:26:56,998 - expectedString on sendPasswordReset is - Reset Password link sent successfully
2023-07-11 23:26:57,153 - actualString on sendPasswordReset is - Reset Password link sent successfully
2023-07-11 23:26:57,153 - ******* End test - test_check_forgot_password ********
2023-07-11 23:26:57,300 - Class Name - VerifyloginPage
2023-07-11 23:27:02,762 - *******Starting test - test_check_login********
2023-07-11 23:27:02,764 - {'url': 'https://opensource-demo.orangehrmlive.com/web/index.php/auth/login', 'username': 'Admin', 'password': 'admin123', 'expected': 'https://opensource-demo.orangehrmlive.com/web/index.php/dashboard/index'}
2023-07-11 23:27:02,764 - url - https://opensource-demo.orangehrmlive.com/web/index.php/auth/login
2023-07-11 23:27:12,400 - username - Admin
2023-07-11 23:27:13,630 - password - admin123
2023-07-11 23:27:14,057 - Press Submit Button
2023-07-11 23:27:14,282 - Wait page to be load completely
2023-07-11 23:27:29,698 - expectedUrl - https://opensource-demo.orangehrmlive.com/web/index.php/dashboard/index
2023-07-11 23:27:29,699 - actualUrl - https://opensource-demo.orangehrmlive.com/web/index.php/dashboard/index
2023-07-11 23:27:29,699 - *******End test - test_check_login********
2023-07-11 23:27:29,839 - Class Name - VerifyloginPage
2023-07-11 23:27:35,282 - *******Starting test - test_check_login_failed********
2023-07-11 23:27:35,286 - {'url': 'https://opensource-demo.orangehrmlive.com/web/index.php/auth/login', 'username': 'Admin', 'password': 'admin1234', 'expected': 'https://opensource-demo.orangehrmlive.com/web/index.php/auth/login', 'expected2': 'Invalid credentials'}
2023-07-11 23:27:35,286 - url - https://opensource-demo.orangehrmlive.com/web/index.php/auth/login
2023-07-11 23:27:44,844 - username - Admin
2023-07-11 23:27:46,031 - password - admin1234
2023-07-11 23:27:50,991 - expectedUrl - https://opensource-demo.orangehrmlive.com/web/index.php/auth/login
2023-07-11 23:27:50,991 - actualUrl - https://opensource-demo.orangehrmlive.com/web/index.php/auth/login
2023-07-11 23:27:52,366 - expectedString - Invalid credentials
2023-07-11 23:27:52,366 - actualString - Invalid credentials
2023-07-11 23:27:52,366 - *******End test - test_check_login_failed********
