2023-07-11 22:55:11,217 - Class Name - VerifyloginPage
2023-07-11 22:55:16,703 - *******Starting test - test_check_forgot_password********
2023-07-11 22:55:16,706 - {'url': 'https://opensource-demo.orangehrmlive.com/web/index.php/auth/login', 'reseturl': 'https://opensource-demo.orangehrmlive.com/web/index.php/auth/requestPasswordResetCode', 'username': 'Admin', 'expected': 'https://opensource-demo.orangehrmlive.com/web/index.php/auth/sendPasswordReset', 'expected2': 'Reset Password link sent successfully'}
2023-07-11 22:55:16,706 - url - https://opensource-demo.orangehrmlive.com/web/index.php/auth/login
2023-07-11 22:55:26,199 - Press - Forgot your password?
2023-07-11 22:55:29,520 - reseturl-https://opensource-demo.orangehrmlive.com/web/index.php/auth/requestPasswordResetCode
2023-07-11 22:55:29,524 - actualurl-https://opensource-demo.orangehrmlive.com/web/index.php/auth/requestPasswordResetCode
2023-07-11 22:55:29,539 - Enter username - Admin
2023-07-11 22:55:32,385 - Press Reset Password Button
2023-07-11 22:55:33,732 - expectedUrl after pressing ResetPassword - https://opensource-demo.orangehrmlive.com/web/index.php/auth/sendPasswordReset
2023-07-11 22:55:33,736 - actualUrl after pressing ResetPassword - https://opensource-demo.orangehrmlive.com/web/index.php/auth/sendPasswordReset
2023-07-11 22:55:34,645 - expectedString on sendPasswordReset is - Reset Password link sent successfully
2023-07-11 22:55:34,766 - actualString on sendPasswordReset is - Reset Password link sent successfully
2023-07-11 22:55:34,766 - ******* End test - test_check_forgot_password ********
2023-07-11 22:55:34,854 - Class Name - VerifyloginPage
2023-07-11 22:55:40,303 - *******Starting test - test_check_login********
2023-07-11 22:55:40,306 - {'url': 'https://opensource-demo.orangehrmlive.com/web/index.php/auth/login', 'username': 'Admin', 'password': 'admin123', 'expected': 'https://opensource-demo.orangehrmlive.com/web/index.php/dashboard/index'}
2023-07-11 22:55:40,306 - url - https://opensource-demo.orangehrmlive.com/web/index.php/auth/login
2023-07-11 22:55:48,701 - username - Admin
2023-07-11 22:55:50,905 - password - admin123
2023-07-11 22:55:51,393 - Press Submit Button
2023-07-11 22:55:51,599 - Wait page to be load completely
2023-07-11 22:55:58,174 - expectedUrl - https://opensource-demo.orangehrmlive.com/web/index.php/dashboard/index
2023-07-11 22:55:58,174 - actualUrl - https://opensource-demo.orangehrmlive.com/web/index.php/dashboard/index
2023-07-11 22:55:58,174 - *******End test - test_check_login********
2023-07-11 22:55:58,301 - Class Name - VerifyloginPage
2023-07-11 22:56:03,774 - *******Starting test - test_check_login_failed********
2023-07-11 22:56:03,777 - {'url': 'https://opensource-demo.orangehrmlive.com/web/index.php/auth/login', 'username': 'Admin', 'password': 'admin1234', 'expected': 'https://opensource-demo.orangehrmlive.com/web/index.php/auth/login', 'expected2': 'Invalid credentials'}
2023-07-11 22:56:03,777 - url - https://opensource-demo.orangehrmlive.com/web/index.php/auth/login
2023-07-11 22:56:13,538 - username - Admin
2023-07-11 22:56:14,941 - password - admin1234
2023-07-11 22:56:22,254 - expectedUrl - https://opensource-demo.orangehrmlive.com/web/index.php/auth/login
2023-07-11 22:56:22,254 - actualUrl - https://opensource-demo.orangehrmlive.com/web/index.php/auth/login
2023-07-11 22:56:22,542 - expectedString - Invalid credentials
2023-07-11 22:56:22,542 - actualString - Invalid credentials
2023-07-11 22:56:22,542 - *******End test - test_check_login_failed********
