2023-07-11 23:11:04,940 - Class Name - VerifyloginPage
2023-07-11 23:11:10,455 - *******Starting test - test_check_forgot_password********
2023-07-11 23:11:10,457 - {'url': 'https://opensource-demo.orangehrmlive.com/web/index.php/auth/login', 'reseturl': 'https://opensource-demo.orangehrmlive.com/web/index.php/auth/requestPasswordResetCode', 'username': 'Admin', 'expected': 'https://opensource-demo.orangehrmlive.com/web/index.php/auth/sendPasswordReset', 'expected2': 'Reset Password link sent successfully'}
2023-07-11 23:11:10,457 - url - https://opensource-demo.orangehrmlive.com/web/index.php/auth/login
2023-07-11 23:11:20,317 - Press - Forgot your password?
2023-07-11 23:11:23,468 - reseturl-https://opensource-demo.orangehrmlive.com/web/index.php/auth/requestPasswordResetCode
2023-07-11 23:11:23,473 - actualurl-https://opensource-demo.orangehrmlive.com/web/index.php/auth/requestPasswordResetCode
2023-07-11 23:11:24,433 - Enter username - Admin
2023-07-11 23:11:26,118 - Press Reset Password Button
2023-07-11 23:11:27,512 - expectedUrl after pressing ResetPassword - https://opensource-demo.orangehrmlive.com/web/index.php/auth/sendPasswordReset
2023-07-11 23:11:27,514 - actualUrl after pressing ResetPassword - https://opensource-demo.orangehrmlive.com/web/index.php/auth/sendPasswordReset
2023-07-11 23:11:28,505 - expectedString on sendPasswordReset is - Reset Password link sent successfully
2023-07-11 23:11:28,637 - actualString on sendPasswordReset is - Reset Password link sent successfully
2023-07-11 23:11:28,637 - ******* End test - test_check_forgot_password ********
2023-07-11 23:11:28,797 - Class Name - VerifyloginPage
2023-07-11 23:11:34,247 - *******Starting test - test_check_login********
2023-07-11 23:11:34,250 - {'url': 'https://opensource-demo.orangehrmlive.com/web/index.php/auth/login', 'username': 'Admin', 'password': 'admin123', 'expected': 'https://opensource-demo.orangehrmlive.com/web/index.php/dashboard/index'}
2023-07-11 23:11:34,250 - url - https://opensource-demo.orangehrmlive.com/web/index.php/auth/login
2023-07-11 23:11:36,881 - Class Name - VerifyloginPage
2023-07-11 23:11:42,277 - *******Starting test - test_check_login_failed********
2023-07-11 23:11:42,279 - {'url': 'https://opensource-demo.orangehrmlive.com/web/index.php/auth/login', 'username': 'Admin', 'password': 'admin1234', 'expected': 'https://opensource-demo.orangehrmlive.com/web/index.php/auth/login', 'expected2': 'Invalid credentials'}
2023-07-11 23:11:42,279 - url - https://opensource-demo.orangehrmlive.com/web/index.php/auth/login
2023-07-11 23:11:51,607 - username - Admin
2023-07-11 23:11:52,684 - password - admin1234
2023-07-11 23:11:57,868 - expectedUrl - https://opensource-demo.orangehrmlive.com/web/index.php/auth/login
2023-07-11 23:11:57,868 - actualUrl - https://opensource-demo.orangehrmlive.com/web/index.php/auth/login
2023-07-11 23:11:58,233 - expectedString - Invalid credentials
2023-07-11 23:11:58,233 - actualString - Invalid credentials
2023-07-11 23:11:58,233 - *******End test - test_check_login_failed********
