2023-07-11 23:17:13,811 - Class Name - VerifyloginPage
2023-07-11 23:17:19,878 - *******Starting test - test_check_forgot_password********
2023-07-11 23:17:19,880 - {'url': 'https://opensource-demo.orangehrmlive.com/web/index.php/auth/login', 'reseturl': 'https://opensource-demo.orangehrmlive.com/web/index.php/auth/requestPasswordResetCode', 'username': 'Admin', 'expected': 'https://opensource-demo.orangehrmlive.com/web/index.php/auth/sendPasswordReset', 'expected2': 'Reset Password link sent successfully'}
2023-07-11 23:17:19,880 - url - https://opensource-demo.orangehrmlive.com/web/index.php/auth/login
2023-07-11 23:17:29,385 - Press - Forgot your password?
2023-07-11 23:17:32,477 - reseturl-https://opensource-demo.orangehrmlive.com/web/index.php/auth/requestPasswordResetCode
2023-07-11 23:17:32,482 - actualurl-https://opensource-demo.orangehrmlive.com/web/index.php/auth/requestPasswordResetCode
2023-07-11 23:17:32,497 - Enter username - Admin
2023-07-11 23:17:35,322 - Press Reset Password Button
2023-07-11 23:17:36,655 - expectedUrl after pressing ResetPassword - https://opensource-demo.orangehrmlive.com/web/index.php/auth/sendPasswordReset
2023-07-11 23:17:36,658 - actualUrl after pressing ResetPassword - https://opensource-demo.orangehrmlive.com/web/index.php/auth/sendPasswordReset
2023-07-11 23:17:37,470 - expectedString on sendPasswordReset is - Reset Password link sent successfully
2023-07-11 23:17:37,602 - actualString on sendPasswordReset is - Reset Password link sent successfully
2023-07-11 23:17:37,602 - ******* End test - test_check_forgot_password ********
2023-07-11 23:17:37,742 - Class Name - VerifyloginPage
2023-07-11 23:17:43,138 - *******Starting test - test_check_login********
2023-07-11 23:17:43,140 - {'url': 'https://opensource-demo.orangehrmlive.com/web/index.php/auth/login', 'username': 'Admin', 'password': 'admin123', 'expected': 'https://opensource-demo.orangehrmlive.com/web/index.php/dashboard/index'}
2023-07-11 23:17:43,140 - url - https://opensource-demo.orangehrmlive.com/web/index.php/auth/login
2023-07-11 23:17:52,664 - username - Admin
2023-07-11 23:17:53,983 - password - admin123
2023-07-11 23:17:54,469 - Press Submit Button
2023-07-11 23:17:54,679 - Wait page to be load completely
2023-07-11 23:18:01,229 - expectedUrl - https://opensource-demo.orangehrmlive.com/web/index.php/dashboard/index
2023-07-11 23:18:01,229 - actualUrl - https://opensource-demo.orangehrmlive.com/web/index.php/dashboard/index
2023-07-11 23:18:01,229 - *******End test - test_check_login********
2023-07-11 23:18:01,353 - Class Name - VerifyloginPage
2023-07-11 23:18:06,854 - *******Starting test - test_check_login_failed********
2023-07-11 23:18:06,858 - {'url': 'https://opensource-demo.orangehrmlive.com/web/index.php/auth/login', 'username': 'Admin', 'password': 'admin1234', 'expected': 'https://opensource-demo.orangehrmlive.com/web/index.php/auth/login', 'expected2': 'Invalid credentials'}
2023-07-11 23:18:06,858 - url - https://opensource-demo.orangehrmlive.com/web/index.php/auth/login
2023-07-11 23:18:16,147 - username - Admin
2023-07-11 23:18:17,238 - password - admin1234
2023-07-11 23:18:22,282 - expectedUrl - https://opensource-demo.orangehrmlive.com/web/index.php/auth/login
2023-07-11 23:18:22,283 - actualUrl - https://opensource-demo.orangehrmlive.com/web/index.php/auth/login
2023-07-11 23:18:23,547 - expectedString - Invalid credentials
2023-07-11 23:18:23,547 - actualString - Invalid credentials
2023-07-11 23:18:23,547 - *******End test - test_check_login_failed********
