2023-07-11 22:47:20,479 - Class Name - VerifyloginPage
2023-07-11 22:47:26,492 - *******Starting test - test_check_forgot_password********
2023-07-11 22:47:26,494 - {'url': 'https://opensource-demo.orangehrmlive.com/web/index.php/auth/login', 'reseturl': 'https://opensource-demo.orangehrmlive.com/web/index.php/auth/requestPasswordResetCode', 'username': 'Admin', 'expected': 'https://opensource-demo.orangehrmlive.com/web/index.php/auth/sendPasswordReset', 'expected2': 'Reset Password link sent successfully'}
2023-07-11 22:47:26,494 - url - https://opensource-demo.orangehrmlive.com/web/index.php/auth/login
2023-07-11 22:47:35,852 - Press - Forgot your password?
2023-07-11 22:47:39,234 - reseturl-https://opensource-demo.orangehrmlive.com/web/index.php/auth/requestPasswordResetCode
2023-07-11 22:47:39,239 - actualurl-https://opensource-demo.orangehrmlive.com/web/index.php/auth/requestPasswordResetCode
2023-07-11 22:47:39,253 - Enter username - Admin
2023-07-11 22:47:41,930 - Press Reset Password Button
2023-07-11 22:47:43,356 - expectedUrl after pressing ResetPassword - https://opensource-demo.orangehrmlive.com/web/index.php/auth/sendPasswordReset
2023-07-11 22:47:43,360 - actualUrl after pressing ResetPassword - https://opensource-demo.orangehrmlive.com/web/index.php/auth/sendPasswordReset
2023-07-11 22:47:44,369 - expectedString on sendPasswordReset is - Reset Password link sent successfully
2023-07-11 22:47:44,472 - actualString on sendPasswordReset is - Reset Password link sent successfully
2023-07-11 22:47:44,472 - ******* End test - test_check_forgot_password ********
2023-07-11 22:47:44,648 - Class Name - VerifyloginPage
2023-07-11 22:47:50,095 - *******Starting test - test_check_login********
2023-07-11 22:47:50,098 - {'url': 'https://opensource-demo.orangehrmlive.com/web/index.php/auth/login', 'username': 'Admin', 'password': 'admin123', 'expected': 'https://opensource-demo.orangehrmlive.com/web/index.php/dashboard/index'}
2023-07-11 22:47:50,098 - url - https://opensource-demo.orangehrmlive.com/web/index.php/auth/login
2023-07-11 22:47:59,607 - username - Admin
2023-07-11 22:48:00,737 - password - admin123
2023-07-11 22:48:01,251 - Press Submit Button
2023-07-11 22:48:01,470 - Wait page to be load completely
2023-07-11 22:48:16,862 - expectedUrl - https://opensource-demo.orangehrmlive.com/web/index.php/dashboard/index
2023-07-11 22:48:16,862 - actualUrl - https://opensource-demo.orangehrmlive.com/web/index.php/dashboard/index
2023-07-11 22:48:16,862 - *******End test - test_check_login********
2023-07-11 22:48:17,033 - Class Name - VerifyloginPage
2023-07-11 22:48:22,483 - *******Starting test - test_check_login_failed********
2023-07-11 22:48:22,486 - {'url': 'https://opensource-demo.orangehrmlive.com/web/index.php/auth/login', 'username': 'Admin', 'password': 'admin1234', 'expected': 'https://opensource-demo.orangehrmlive.com/web/index.php/auth/login', 'expected2': 'Invalid credentials'}
2023-07-11 22:48:22,486 - url - https://opensource-demo.orangehrmlive.com/web/index.php/auth/login
2023-07-11 22:48:31,953 - username - Admin
2023-07-11 22:48:33,176 - password - admin1234
2023-07-11 22:48:38,108 - expectedUrl - https://opensource-demo.orangehrmlive.com/web/index.php/auth/login
2023-07-11 22:48:38,108 - actualUrl - https://opensource-demo.orangehrmlive.com/web/index.php/auth/login
2023-07-11 22:48:39,446 - expectedString - Invalid credentials
2023-07-11 22:48:39,447 - actualString - Invalid credentials
2023-07-11 22:48:39,447 - *******End test - test_check_login_failed********
