2023-07-11 22:59:31,337 - Class Name - VerifyloginPage
2023-07-11 22:59:37,242 - *******Starting test - test_check_forgot_password********
2023-07-11 22:59:37,244 - {'url': 'https://opensource-demo.orangehrmlive.com/web/index.php/auth/login', 'reseturl': 'https://opensource-demo.orangehrmlive.com/web/index.php/auth/requestPasswordResetCode', 'username': 'Admin', 'expected': 'https://opensource-demo.orangehrmlive.com/web/index.php/auth/sendPasswordReset', 'expected2': 'Reset Password link sent successfully'}
2023-07-11 22:59:37,245 - url - https://opensource-demo.orangehrmlive.com/web/index.php/auth/login
2023-07-11 22:59:47,227 - Press - Forgot your password?
2023-07-11 22:59:51,200 - reseturl-https://opensource-demo.orangehrmlive.com/web/index.php/auth/requestPasswordResetCode
2023-07-11 22:59:51,230 - actualurl-https://opensource-demo.orangehrmlive.com/web/index.php/auth/requestPasswordResetCode
2023-07-11 22:59:51,279 - Enter username - Admin
2023-07-11 22:59:52,952 - Press Reset Password Button
2023-07-11 22:59:54,313 - expectedUrl after pressing ResetPassword - https://opensource-demo.orangehrmlive.com/web/index.php/auth/sendPasswordReset
2023-07-11 22:59:54,316 - actualUrl after pressing ResetPassword - https://opensource-demo.orangehrmlive.com/web/index.php/auth/sendPasswordReset
2023-07-11 22:59:55,301 - expectedString on sendPasswordReset is - Reset Password link sent successfully
2023-07-11 22:59:55,432 - actualString on sendPasswordReset is - Reset Password link sent successfully
2023-07-11 22:59:55,432 - ******* End test - test_check_forgot_password ********
2023-07-11 22:59:55,577 - Class Name - VerifyloginPage
2023-07-11 23:00:01,031 - *******Starting test - test_check_login********
2023-07-11 23:00:01,035 - {'url': 'https://opensource-demo.orangehrmlive.com/web/index.php/auth/login', 'username': 'Admin', 'password': 'admin123', 'expected': 'https://opensource-demo.orangehrmlive.com/web/index.php/dashboard/index'}
2023-07-11 23:00:01,035 - url - https://opensource-demo.orangehrmlive.com/web/index.php/auth/login
2023-07-11 23:00:10,887 - username - Admin
2023-07-11 23:00:12,101 - password - admin123
2023-07-11 23:00:12,535 - Press Submit Button
2023-07-11 23:00:12,757 - Wait page to be load completely
2023-07-11 23:00:28,239 - expectedUrl - https://opensource-demo.orangehrmlive.com/web/index.php/dashboard/index
2023-07-11 23:00:28,240 - actualUrl - https://opensource-demo.orangehrmlive.com/web/index.php/dashboard/index
2023-07-11 23:00:28,240 - *******End test - test_check_login********
2023-07-11 23:00:28,377 - Class Name - VerifyloginPage
2023-07-11 23:00:33,827 - *******Starting test - test_check_login_failed********
2023-07-11 23:00:33,830 - {'url': 'https://opensource-demo.orangehrmlive.com/web/index.php/auth/login', 'username': 'Admin', 'password': 'admin1234', 'expected': 'https://opensource-demo.orangehrmlive.com/web/index.php/auth/login', 'expected2': 'Invalid credentials'}
2023-07-11 23:00:33,830 - url - https://opensource-demo.orangehrmlive.com/web/index.php/auth/login
2023-07-11 23:00:43,422 - username - Admin
2023-07-11 23:00:44,624 - password - admin1234
2023-07-11 23:00:51,039 - expectedUrl - https://opensource-demo.orangehrmlive.com/web/index.php/auth/login
2023-07-11 23:00:51,039 - actualUrl - https://opensource-demo.orangehrmlive.com/web/index.php/auth/login
2023-07-11 23:00:51,246 - expectedString - Invalid credentials
2023-07-11 23:00:51,247 - actualString - Invalid credentials
2023-07-11 23:00:51,247 - *******End test - test_check_login_failed********
